<?xml version="1.0" encoding="UTF-8"?>
<!-- Generated by org.testng.reporters.JUnitXMLReporter -->
<testsuite hostname="DLDA0173" name="Default test" tests="7" failures="0" timestamp="18 Jul 2018 06:02:25 GMT" time="20.634" errors="0">
  <testcase name="verifyStatusCodeForACity" time="3.495" classname="test.RestAssuredTest"/>
  <testcase name="verifyStatusCodeForInvalidCity" time="1.031" classname="test.RestAssuredTest"/>
  <testcase name="verifyFaultMessageForInvalidCity" time="1.119" classname="test.RestAssuredTest"/>
  <testcase name="getWeatherStatusLine" time="11.722" classname="test.RestAssuredTest"/>
  <testcase name="getWeatherHeaders" time="0.906" classname="test.RestAssuredTest"/>
  <testcase name="verifyCityInWeatherMessageBodyUsingGson" time="0.973" classname="test.RestAssuredTest"/>
  <testcase name="verifyCityInJsonResponseUsingJsonPath" time="1.358" classname="test.RestAssuredTest"/>
</testsuite> <!-- Default test -->
